{"C:\\Users\\zolta\\OneDrive\\Desktop\\Full_Stack_Open_2020\\PART_5\\bloglist-frontend\\src\\App.js": {"path":"C:\\Users\\zolta\\OneDrive\\Desktop\\Full_Stack_Open_2020\\PART_5\\bloglist-frontend\\src\\App.js","statementMap":{"0":{"start":{"line":13,"column":12},"end":{"line":185,"column":1}},"1":{"start":{"line":14,"column":42},"end":{"line":14,"column":56}},"2":{"start":{"line":15,"column":28},"end":{"line":15,"column":40}},"3":{"start":{"line":16,"column":26},"end":{"line":16,"column":40}},"4":{"start":{"line":18,"column":2},"end":{"line":18,"column":21}},"5":{"start":{"line":19,"column":2},"end":{"line":19,"column":20}},"6":{"start":{"line":22,"column":22},"end":{"line":22,"column":33}},"7":{"start":{"line":25,"column":2},"end":{"line":27,"column":9}},"8":{"start":{"line":26,"column":4},"end":{"line":26,"column":56}},"9":{"start":{"line":26,"column":39},"end":{"line":26,"column":54}},"10":{"start":{"line":30,"column":2},"end":{"line":38,"column":9}},"11":{"start":{"line":31,"column":22},"end":{"line":31,"column":50}},"12":{"start":{"line":33,"column":4},"end":{"line":37,"column":5}},"13":{"start":{"line":34,"column":19},"end":{"line":34,"column":40}},"14":{"start":{"line":35,"column":6},"end":{"line":35,"column":20}},"15":{"start":{"line":36,"column":6},"end":{"line":36,"column":39}},"16":{"start":{"line":41,"column":2},"end":{"line":47,"column":21}},"17":{"start":{"line":42,"column":20},"end":{"line":44,"column":12}},"18":{"start":{"line":43,"column":6},"end":{"line":43,"column":28}},"19":{"start":{"line":46,"column":4},"end":{"line":46,"column":39}},"20":{"start":{"line":46,"column":17},"end":{"line":46,"column":38}},"21":{"start":{"line":55,"column":20},"end":{"line":78,"column":3}},"22":{"start":{"line":56,"column":4},"end":{"line":77,"column":5}},"23":{"start":{"line":57,"column":19},"end":{"line":57,"column":59}},"24":{"start":{"line":59,"column":6},"end":{"line":59,"column":39}},"25":{"start":{"line":60,"column":6},"end":{"line":60,"column":57}},"26":{"start":{"line":62,"column":6},"end":{"line":62,"column":20}},"27":{"start":{"line":63,"column":6},"end":{"line":66,"column":9}},"28":{"start":{"line":70,"column":6},"end":{"line":70,"column":45}},"29":{"start":{"line":71,"column":6},"end":{"line":74,"column":9}},"30":{"start":{"line":80,"column":21},"end":{"line":90,"column":3}},"31":{"start":{"line":81,"column":4},"end":{"line":81,"column":36}},"32":{"start":{"line":83,"column":4},"end":{"line":83,"column":18}},"33":{"start":{"line":84,"column":4},"end":{"line":87,"column":7}},"34":{"start":{"line":91,"column":21},"end":{"line":115,"column":3}},"35":{"start":{"line":93,"column":4},"end":{"line":93,"column":43}},"36":{"start":{"line":95,"column":4},"end":{"line":114,"column":5}},"37":{"start":{"line":96,"column":19},"end":{"line":96,"column":55}},"38":{"start":{"line":98,"column":6},"end":{"line":98,"column":35}},"39":{"start":{"line":100,"column":6},"end":{"line":103,"column":9}},"40":{"start":{"line":107,"column":6},"end":{"line":107,"column":45}},"41":{"start":{"line":108,"column":6},"end":{"line":111,"column":9}},"42":{"start":{"line":117,"column":21},"end":{"line":136,"column":3}},"43":{"start":{"line":118,"column":20},"end":{"line":120,"column":5}},"44":{"start":{"line":122,"column":4},"end":{"line":122,"column":30}},"45":{"start":{"line":122,"column":18},"end":{"line":122,"column":30}},"46":{"start":{"line":124,"column":4},"end":{"line":135,"column":5}},"47":{"start":{"line":125,"column":18},"end":{"line":125,"column":50}},"48":{"start":{"line":126,"column":27},"end":{"line":126,"column":61}},"49":{"start":{"line":126,"column":45},"end":{"line":126,"column":60}},"50":{"start":{"line":128,"column":6},"end":{"line":128,"column":29}},"51":{"start":{"line":129,"column":6},"end":{"line":132,"column":9}},"52":{"start":{"line":134,"column":6},"end":{"line":134,"column":25}},"53":{"start":{"line":138,"column":21},"end":{"line":154,"column":3}},"54":{"start":{"line":140,"column":4},"end":{"line":153,"column":5}},"55":{"start":{"line":141,"column":6},"end":{"line":143,"column":58}},"56":{"start":{"line":145,"column":27},"end":{"line":148,"column":8}},"57":{"start":{"line":146,"column":8},"end":{"line":147,"column":22}},"58":{"start":{"line":146,"column":36},"end":{"line":146,"column":54}},"59":{"start":{"line":147,"column":13},"end":{"line":147,"column":22}},"60":{"start":{"line":150,"column":6},"end":{"line":150,"column":29}},"61":{"start":{"line":152,"column":6},"end":{"line":152,"column":25}},"62":{"start":{"line":156,"column":2},"end":{"line":184,"column":4}}},"fnMap":{"0":{"name":"(anonymous_0)","decl":{"start":{"line":13,"column":12},"end":{"line":13,"column":13}},"loc":{"start":{"line":13,"column":18},"end":{"line":185,"column":1}},"line":13},"1":{"name":"(anonymous_1)","decl":{"start":{"line":25,"column":12},"end":{"line":25,"column":13}},"loc":{"start":{"line":25,"column":18},"end":{"line":27,"column":3}},"line":25},"2":{"name":"(anonymous_2)","decl":{"start":{"line":26,"column":30},"end":{"line":26,"column":31}},"loc":{"start":{"line":26,"column":39},"end":{"line":26,"column":54}},"line":26},"3":{"name":"(anonymous_3)","decl":{"start":{"line":30,"column":12},"end":{"line":30,"column":13}},"loc":{"start":{"line":30,"column":18},"end":{"line":38,"column":3}},"line":30},"4":{"name":"(anonymous_4)","decl":{"start":{"line":41,"column":12},"end":{"line":41,"column":13}},"loc":{"start":{"line":41,"column":18},"end":{"line":47,"column":3}},"line":41},"5":{"name":"(anonymous_5)","decl":{"start":{"line":42,"column":31},"end":{"line":42,"column":32}},"loc":{"start":{"line":42,"column":37},"end":{"line":44,"column":5}},"line":42},"6":{"name":"(anonymous_6)","decl":{"start":{"line":46,"column":11},"end":{"line":46,"column":12}},"loc":{"start":{"line":46,"column":17},"end":{"line":46,"column":38}},"line":46},"7":{"name":"(anonymous_7)","decl":{"start":{"line":55,"column":20},"end":{"line":55,"column":21}},"loc":{"start":{"line":55,"column":44},"end":{"line":78,"column":3}},"line":55},"8":{"name":"(anonymous_8)","decl":{"start":{"line":80,"column":21},"end":{"line":80,"column":22}},"loc":{"start":{"line":80,"column":27},"end":{"line":90,"column":3}},"line":80},"9":{"name":"(anonymous_9)","decl":{"start":{"line":91,"column":21},"end":{"line":91,"column":22}},"loc":{"start":{"line":91,"column":41},"end":{"line":115,"column":3}},"line":91},"10":{"name":"(anonymous_10)","decl":{"start":{"line":117,"column":21},"end":{"line":117,"column":22}},"loc":{"start":{"line":117,"column":37},"end":{"line":136,"column":3}},"line":117},"11":{"name":"(anonymous_11)","decl":{"start":{"line":126,"column":40},"end":{"line":126,"column":41}},"loc":{"start":{"line":126,"column":45},"end":{"line":126,"column":60}},"line":126},"12":{"name":"(anonymous_12)","decl":{"start":{"line":138,"column":21},"end":{"line":138,"column":22}},"loc":{"start":{"line":138,"column":45},"end":{"line":154,"column":3}},"line":138},"13":{"name":"(anonymous_13)","decl":{"start":{"line":145,"column":37},"end":{"line":145,"column":38}},"loc":{"start":{"line":145,"column":42},"end":{"line":148,"column":7}},"line":145}},"branchMap":{"0":{"loc":{"start":{"line":33,"column":4},"end":{"line":37,"column":5}},"type":"if","locations":[{"start":{"line":33,"column":4},"end":{"line":37,"column":5}},{"start":{"line":33,"column":4},"end":{"line":37,"column":5}}],"line":33},"1":{"loc":{"start":{"line":122,"column":4},"end":{"line":122,"column":30}},"type":"if","locations":[{"start":{"line":122,"column":4},"end":{"line":122,"column":30}},{"start":{"line":122,"column":4},"end":{"line":122,"column":30}}],"line":122},"2":{"loc":{"start":{"line":141,"column":6},"end":{"line":143,"column":57}},"type":"cond-expr","locations":[{"start":{"line":142,"column":11},"end":{"line":142,"column":54}},{"start":{"line":143,"column":11},"end":{"line":143,"column":56}}],"line":141},"3":{"loc":{"start":{"line":146,"column":8},"end":{"line":147,"column":22}},"type":"if","locations":[{"start":{"line":146,"column":8},"end":{"line":147,"column":22}},{"start":{"line":146,"column":8},"end":{"line":147,"column":22}}],"line":146},"4":{"loc":{"start":{"line":158,"column":7},"end":{"line":163,"column":7}},"type":"binary-expr","locations":[{"start":{"line":158,"column":7},"end":{"line":158,"column":11}},{"start":{"line":159,"column":8},"end":{"line":162,"column":19}}],"line":158},"5":{"loc":{"start":{"line":165,"column":7},"end":{"line":165,"column":67}},"type":"binary-expr","locations":[{"start":{"line":165,"column":7},"end":{"line":165,"column":19}},{"start":{"line":165,"column":23},"end":{"line":165,"column":67}}],"line":165},"6":{"loc":{"start":{"line":167,"column":7},"end":{"line":182,"column":7}},"type":"cond-expr","locations":[{"start":{"line":168,"column":8},"end":{"line":168,"column":43}},{"start":{"line":170,"column":8},"end":{"line":181,"column":19}}],"line":167}},"s":{"0":0,"1":0,"2":0,"3":0,"4":0,"5":0,"6":0,"7":0,"8":0,"9":0,"10":0,"11":0,"12":0,"13":0,"14":0,"15":0,"16":0,"17":0,"18":0,"19":0,"20":0,"21":0,"22":0,"23":0,"24":0,"25":0,"26":0,"27":0,"28":0,"29":0,"30":0,"31":0,"32":0,"33":0,"34":0,"35":0,"36":0,"37":0,"38":0,"39":0,"40":0,"41":0,"42":0,"43":0,"44":0,"45":0,"46":0,"47":0,"48":0,"49":0,"50":0,"51":0,"52":0,"53":0,"54":0,"55":0,"56":0,"57":0,"58":0,"59":0,"60":0,"61":0,"62":0},"f":{"0":0,"1":0,"2":0,"3":0,"4":0,"5":0,"6":0,"7":0,"8":0,"9":0,"10":0,"11":0,"12":0,"13":0},"b":{"0":[0,0],"1":[0,0],"2":[0,0],"3":[0,0],"4":[0,0],"5":[0,0],"6":[0,0]},"hash":"66049692e28d24dc068ea94d6a87cf8a5ac4ebb2"}
,"C:\\Users\\zolta\\OneDrive\\Desktop\\Full_Stack_Open_2020\\PART_5\\bloglist-frontend\\src\\index.js": {"path":"C:\\Users\\zolta\\OneDrive\\Desktop\\Full_Stack_Open_2020\\PART_5\\bloglist-frontend\\src\\index.js","statementMap":{"0":{"start":{"line":5,"column":0},"end":{"line":5,"column":57}}},"fnMap":{},"branchMap":{},"s":{"0":0},"f":{},"b":{},"hash":"0030e0d659f0fb43ee3a13fd6bd7ddd173854ff8"}
,"C:\\Users\\zolta\\OneDrive\\Desktop\\Full_Stack_Open_2020\\PART_5\\bloglist-frontend\\src\\components\\Blog.js": {"path":"C:\\Users\\zolta\\OneDrive\\Desktop\\Full_Stack_Open_2020\\PART_5\\bloglist-frontend\\src\\components\\Blog.js","statementMap":{"0":{"start":{"line":3,"column":13},"end":{"line":55,"column":1}},"1":{"start":{"line":4,"column":32},"end":{"line":4,"column":47}},"2":{"start":{"line":5,"column":28},"end":{"line":5,"column":43}},"3":{"start":{"line":7,"column":2},"end":{"line":9,"column":28}},"4":{"start":{"line":8,"column":4},"end":{"line":8,"column":68}},"5":{"start":{"line":12,"column":26},"end":{"line":12,"column":60}},"6":{"start":{"line":14,"column":27},"end":{"line":14,"column":53}},"7":{"start":{"line":14,"column":33},"end":{"line":14,"column":53}},"8":{"start":{"line":16,"column":2},"end":{"line":54,"column":4}},"9":{"start":{"line":27,"column":31},"end":{"line":27,"column":60}},"10":{"start":{"line":33,"column":31},"end":{"line":33,"column":58}},"11":{"start":{"line":47,"column":25},"end":{"line":47,"column":46}}},"fnMap":{"0":{"name":"(anonymous_0)","decl":{"start":{"line":3,"column":13},"end":{"line":3,"column":14}},"loc":{"start":{"line":3,"column":59},"end":{"line":55,"column":1}},"line":3},"1":{"name":"(anonymous_1)","decl":{"start":{"line":7,"column":12},"end":{"line":7,"column":13}},"loc":{"start":{"line":7,"column":18},"end":{"line":9,"column":3}},"line":7},"2":{"name":"(anonymous_2)","decl":{"start":{"line":14,"column":27},"end":{"line":14,"column":28}},"loc":{"start":{"line":14,"column":33},"end":{"line":14,"column":53}},"line":14},"3":{"name":"(anonymous_3)","decl":{"start":{"line":27,"column":25},"end":{"line":27,"column":26}},"loc":{"start":{"line":27,"column":31},"end":{"line":27,"column":60}},"line":27},"4":{"name":"(anonymous_4)","decl":{"start":{"line":33,"column":25},"end":{"line":33,"column":26}},"loc":{"start":{"line":33,"column":31},"end":{"line":33,"column":58}},"line":33},"5":{"name":"(anonymous_5)","decl":{"start":{"line":47,"column":19},"end":{"line":47,"column":20}},"loc":{"start":{"line":47,"column":25},"end":{"line":47,"column":46}},"line":47}},"branchMap":{"0":{"loc":{"start":{"line":8,"column":4},"end":{"line":8,"column":67}},"type":"cond-expr","locations":[{"start":{"line":8,"column":35},"end":{"line":8,"column":49}},{"start":{"line":8,"column":52},"end":{"line":8,"column":67}}],"line":8},"1":{"loc":{"start":{"line":12,"column":37},"end":{"line":12,"column":58}},"type":"cond-expr","locations":[{"start":{"line":12,"column":47},"end":{"line":12,"column":49}},{"start":{"line":12,"column":52},"end":{"line":12,"column":58}}],"line":12},"2":{"loc":{"start":{"line":24,"column":13},"end":{"line":36,"column":13}},"type":"cond-expr","locations":[{"start":{"line":25,"column":14},"end":{"line":29,"column":23}},{"start":{"line":31,"column":14},"end":{"line":35,"column":23}}],"line":24},"3":{"loc":{"start":{"line":44,"column":11},"end":{"line":44,"column":36}},"type":"cond-expr","locations":[{"start":{"line":44,"column":21},"end":{"line":44,"column":27}},{"start":{"line":44,"column":30},"end":{"line":44,"column":36}}],"line":44}},"s":{"0":1,"1":11,"2":11,"3":11,"4":4,"5":11,"6":11,"7":3,"8":11,"9":0,"10":0,"11":0},"f":{"0":11,"1":4,"2":3,"3":0,"4":0,"5":0},"b":{"0":[4,0],"1":[2,9],"2":[7,4],"3":[2,9]},"_coverageSchema":"43e27e138ebf9cfc5966b082cf9a028302ed4184","hash":"c3cae6e75c008e4c4a91b3089823f1f3e9b53b3f"}
,"C:\\Users\\zolta\\OneDrive\\Desktop\\Full_Stack_Open_2020\\PART_5\\bloglist-frontend\\src\\components\\BlogForm.js": {"path":"C:\\Users\\zolta\\OneDrive\\Desktop\\Full_Stack_Open_2020\\PART_5\\bloglist-frontend\\src\\components\\BlogForm.js","statementMap":{"0":{"start":{"line":3,"column":17},"end":{"line":72,"column":1}},"1":{"start":{"line":4,"column":23},"end":{"line":8,"column":3}},"2":{"start":{"line":9,"column":46},"end":{"line":9,"column":68}},"3":{"start":{"line":11,"column":23},"end":{"line":14,"column":3}},"4":{"start":{"line":12,"column":28},"end":{"line":12,"column":36}},"5":{"start":{"line":13,"column":4},"end":{"line":13,"column":62}},"6":{"start":{"line":13,"column":28},"end":{"line":13,"column":59}},"7":{"start":{"line":16,"column":22},"end":{"line":16,"column":58}},"8":{"start":{"line":16,"column":28},"end":{"line":16,"column":58}},"9":{"start":{"line":18,"column":23},"end":{"line":24,"column":3}},"10":{"start":{"line":19,"column":4},"end":{"line":19,"column":23}},"11":{"start":{"line":21,"column":4},"end":{"line":21,"column":39}},"12":{"start":{"line":23,"column":4},"end":{"line":23,"column":18}},"13":{"start":{"line":26,"column":2},"end":{"line":71,"column":4}}},"fnMap":{"0":{"name":"(anonymous_0)","decl":{"start":{"line":3,"column":17},"end":{"line":3,"column":18}},"loc":{"start":{"line":3,"column":37},"end":{"line":72,"column":1}},"line":3},"1":{"name":"(anonymous_1)","decl":{"start":{"line":11,"column":23},"end":{"line":11,"column":24}},"loc":{"start":{"line":11,"column":28},"end":{"line":14,"column":3}},"line":11},"2":{"name":"(anonymous_2)","decl":{"start":{"line":13,"column":14},"end":{"line":13,"column":15}},"loc":{"start":{"line":13,"column":28},"end":{"line":13,"column":59}},"line":13},"3":{"name":"(anonymous_3)","decl":{"start":{"line":16,"column":22},"end":{"line":16,"column":23}},"loc":{"start":{"line":16,"column":28},"end":{"line":16,"column":58}},"line":16},"4":{"name":"(anonymous_4)","decl":{"start":{"line":18,"column":23},"end":{"line":18,"column":24}},"loc":{"start":{"line":18,"column":28},"end":{"line":24,"column":3}},"line":18}},"branchMap":{},"s":{"0":1,"1":5,"2":5,"3":5,"4":3,"5":3,"6":3,"7":5,"8":1,"9":5,"10":1,"11":1,"12":1,"13":5},"f":{"0":5,"1":3,"2":3,"3":1,"4":1},"b":{},"_coverageSchema":"43e27e138ebf9cfc5966b082cf9a028302ed4184","hash":"6eef40b048aa16a0fe22c7e6e164866ddc239a37"}
,"C:\\Users\\zolta\\OneDrive\\Desktop\\Full_Stack_Open_2020\\PART_5\\bloglist-frontend\\src\\components\\Blogs.js": {"path":"C:\\Users\\zolta\\OneDrive\\Desktop\\Full_Stack_Open_2020\\PART_5\\bloglist-frontend\\src\\components\\Blogs.js","statementMap":{"0":{"start":{"line":5,"column":14},"end":{"line":20,"column":1}},"1":{"start":{"line":6,"column":2},"end":{"line":19,"column":4}},"2":{"start":{"line":10,"column":8},"end":{"line":16,"column":10}}},"fnMap":{"0":{"name":"(anonymous_0)","decl":{"start":{"line":5,"column":14},"end":{"line":5,"column":15}},"loc":{"start":{"line":5,"column":61},"end":{"line":20,"column":1}},"line":5},"1":{"name":"(anonymous_1)","decl":{"start":{"line":9,"column":40},"end":{"line":9,"column":41}},"loc":{"start":{"line":10,"column":8},"end":{"line":16,"column":10}},"line":10}},"branchMap":{},"s":{"0":0,"1":0,"2":0},"f":{"0":0,"1":0},"b":{},"hash":"60f28c896e1800ecff57cf6c5edd79c41e2c3660"}
,"C:\\Users\\zolta\\OneDrive\\Desktop\\Full_Stack_Open_2020\\PART_5\\bloglist-frontend\\src\\components\\LoginForm.js": {"path":"C:\\Users\\zolta\\OneDrive\\Desktop\\Full_Stack_Open_2020\\PART_5\\bloglist-frontend\\src\\components\\LoginForm.js","statementMap":{"0":{"start":{"line":4,"column":18},"end":{"line":57,"column":1}},"1":{"start":{"line":5,"column":23},"end":{"line":8,"column":3}},"2":{"start":{"line":9,"column":46},"end":{"line":9,"column":68}},"3":{"start":{"line":11,"column":23},"end":{"line":14,"column":3}},"4":{"start":{"line":12,"column":28},"end":{"line":12,"column":36}},"5":{"start":{"line":13,"column":4},"end":{"line":13,"column":62}},"6":{"start":{"line":13,"column":28},"end":{"line":13,"column":59}},"7":{"start":{"line":16,"column":22},"end":{"line":16,"column":58}},"8":{"start":{"line":16,"column":28},"end":{"line":16,"column":58}},"9":{"start":{"line":18,"column":23},"end":{"line":24,"column":3}},"10":{"start":{"line":19,"column":4},"end":{"line":19,"column":23}},"11":{"start":{"line":21,"column":4},"end":{"line":21,"column":38}},"12":{"start":{"line":23,"column":4},"end":{"line":23,"column":18}},"13":{"start":{"line":26,"column":2},"end":{"line":56,"column":4}},"14":{"start":{"line":59,"column":0},"end":{"line":61,"column":2}}},"fnMap":{"0":{"name":"(anonymous_0)","decl":{"start":{"line":4,"column":18},"end":{"line":4,"column":19}},"loc":{"start":{"line":4,"column":37},"end":{"line":57,"column":1}},"line":4},"1":{"name":"(anonymous_1)","decl":{"start":{"line":11,"column":23},"end":{"line":11,"column":24}},"loc":{"start":{"line":11,"column":28},"end":{"line":14,"column":3}},"line":11},"2":{"name":"(anonymous_2)","decl":{"start":{"line":13,"column":14},"end":{"line":13,"column":15}},"loc":{"start":{"line":13,"column":28},"end":{"line":13,"column":59}},"line":13},"3":{"name":"(anonymous_3)","decl":{"start":{"line":16,"column":22},"end":{"line":16,"column":23}},"loc":{"start":{"line":16,"column":28},"end":{"line":16,"column":58}},"line":16},"4":{"name":"(anonymous_4)","decl":{"start":{"line":18,"column":23},"end":{"line":18,"column":24}},"loc":{"start":{"line":18,"column":28},"end":{"line":24,"column":3}},"line":18}},"branchMap":{},"s":{"0":0,"1":0,"2":0,"3":0,"4":0,"5":0,"6":0,"7":0,"8":0,"9":0,"10":0,"11":0,"12":0,"13":0,"14":0},"f":{"0":0,"1":0,"2":0,"3":0,"4":0},"b":{},"hash":"b8055ec1cb870a69f76b8d0c7b01bac4b61d04a8"}
,"C:\\Users\\zolta\\OneDrive\\Desktop\\Full_Stack_Open_2020\\PART_5\\bloglist-frontend\\src\\components\\Notification.js": {"path":"C:\\Users\\zolta\\OneDrive\\Desktop\\Full_Stack_Open_2020\\PART_5\\bloglist-frontend\\src\\components\\Notification.js","statementMap":{"0":{"start":{"line":3,"column":21},"end":{"line":5,"column":1}},"1":{"start":{"line":4,"column":2},"end":{"line":4,"column":67}}},"fnMap":{"0":{"name":"(anonymous_0)","decl":{"start":{"line":3,"column":21},"end":{"line":3,"column":22}},"loc":{"start":{"line":3,"column":61},"end":{"line":5,"column":1}},"line":3}},"branchMap":{"0":{"loc":{"start":{"line":4,"column":25},"end":{"line":4,"column":53}},"type":"cond-expr","locations":[{"start":{"line":4,"column":35},"end":{"line":4,"column":44}},{"start":{"line":4,"column":47},"end":{"line":4,"column":53}}],"line":4}},"s":{"0":0,"1":0},"f":{"0":0},"b":{"0":[0,0]},"hash":"3cc600a9f4a1f58941c91adeef0f61c34a753415"}
,"C:\\Users\\zolta\\OneDrive\\Desktop\\Full_Stack_Open_2020\\PART_5\\bloglist-frontend\\src\\components\\Togglable.js": {"path":"C:\\Users\\zolta\\OneDrive\\Desktop\\Full_Stack_Open_2020\\PART_5\\bloglist-frontend\\src\\components\\Togglable.js","statementMap":{"0":{"start":{"line":10,"column":18},"end":{"line":34,"column":2}},"1":{"start":{"line":11,"column":32},"end":{"line":11,"column":47}},"2":{"start":{"line":13,"column":26},"end":{"line":13,"column":65}},"3":{"start":{"line":14,"column":26},"end":{"line":14,"column":65}},"4":{"start":{"line":16,"column":27},"end":{"line":16,"column":53}},"5":{"start":{"line":16,"column":33},"end":{"line":16,"column":53}},"6":{"start":{"line":19,"column":2},"end":{"line":21,"column":6}},"7":{"start":{"line":19,"column":34},"end":{"line":21,"column":3}},"8":{"start":{"line":23,"column":2},"end":{"line":33,"column":4}},"9":{"start":{"line":36,"column":0},"end":{"line":38,"column":2}}},"fnMap":{"0":{"name":"(anonymous_0)","decl":{"start":{"line":10,"column":29},"end":{"line":10,"column":30}},"loc":{"start":{"line":10,"column":65},"end":{"line":34,"column":1}},"line":10},"1":{"name":"(anonymous_1)","decl":{"start":{"line":16,"column":27},"end":{"line":16,"column":28}},"loc":{"start":{"line":16,"column":33},"end":{"line":16,"column":53}},"line":16},"2":{"name":"(anonymous_2)","decl":{"start":{"line":19,"column":27},"end":{"line":19,"column":28}},"loc":{"start":{"line":19,"column":34},"end":{"line":21,"column":3}},"line":19}},"branchMap":{"0":{"loc":{"start":{"line":13,"column":37},"end":{"line":13,"column":63}},"type":"cond-expr","locations":[{"start":{"line":13,"column":47},"end":{"line":13,"column":53}},{"start":{"line":13,"column":56},"end":{"line":13,"column":63}}],"line":13},"1":{"loc":{"start":{"line":14,"column":37},"end":{"line":14,"column":63}},"type":"cond-expr","locations":[{"start":{"line":14,"column":47},"end":{"line":14,"column":54}},{"start":{"line":14,"column":57},"end":{"line":14,"column":63}}],"line":14}},"s":{"0":0,"1":0,"2":0,"3":0,"4":0,"5":0,"6":0,"7":0,"8":0,"9":0},"f":{"0":0,"1":0,"2":0},"b":{"0":[0,0],"1":[0,0]},"hash":"fc9551acd7a9a01e3e372ca5b6883258c781514d"}
,"C:\\Users\\zolta\\OneDrive\\Desktop\\Full_Stack_Open_2020\\PART_5\\bloglist-frontend\\src\\helpers\\sortByLikes.js": {"path":"C:\\Users\\zolta\\OneDrive\\Desktop\\Full_Stack_Open_2020\\PART_5\\bloglist-frontend\\src\\helpers\\sortByLikes.js","statementMap":{"0":{"start":{"line":2,"column":2},"end":{"line":4,"column":3}},"1":{"start":{"line":3,"column":4},"end":{"line":3,"column":14}},"2":{"start":{"line":5,"column":2},"end":{"line":7,"column":3}},"3":{"start":{"line":6,"column":4},"end":{"line":6,"column":13}},"4":{"start":{"line":8,"column":2},"end":{"line":8,"column":11}}},"fnMap":{"0":{"name":"(anonymous_0)","decl":{"start":{"line":1,"column":15},"end":{"line":1,"column":16}},"loc":{"start":{"line":1,"column":31},"end":{"line":9,"column":1}},"line":1}},"branchMap":{"0":{"loc":{"start":{"line":2,"column":2},"end":{"line":4,"column":3}},"type":"if","locations":[{"start":{"line":2,"column":2},"end":{"line":4,"column":3}},{"start":{"line":2,"column":2},"end":{"line":4,"column":3}}],"line":2},"1":{"loc":{"start":{"line":5,"column":2},"end":{"line":7,"column":3}},"type":"if","locations":[{"start":{"line":5,"column":2},"end":{"line":7,"column":3}},{"start":{"line":5,"column":2},"end":{"line":7,"column":3}}],"line":5}},"s":{"0":0,"1":0,"2":0,"3":0,"4":0},"f":{"0":0},"b":{"0":[0,0],"1":[0,0]},"hash":"56fdd4e9c5fcc7f6777dd58bbda92d79ca02dc31"}
,"C:\\Users\\zolta\\OneDrive\\Desktop\\Full_Stack_Open_2020\\PART_5\\bloglist-frontend\\src\\services\\blogs.js": {"path":"C:\\Users\\zolta\\OneDrive\\Desktop\\Full_Stack_Open_2020\\PART_5\\bloglist-frontend\\src\\services\\blogs.js","statementMap":{"0":{"start":{"line":2,"column":16},"end":{"line":2,"column":28}},"1":{"start":{"line":4,"column":12},"end":{"line":4,"column":16}},"2":{"start":{"line":6,"column":17},"end":{"line":8,"column":1}},"3":{"start":{"line":7,"column":2},"end":{"line":7,"column":31}},"4":{"start":{"line":10,"column":15},"end":{"line":13,"column":1}},"5":{"start":{"line":11,"column":19},"end":{"line":11,"column":43}},"6":{"start":{"line":12,"column":2},"end":{"line":12,"column":23}},"7":{"start":{"line":15,"column":15},"end":{"line":20,"column":1}},"8":{"start":{"line":16,"column":19},"end":{"line":18,"column":4}},"9":{"start":{"line":19,"column":2},"end":{"line":19,"column":23}},"10":{"start":{"line":22,"column":13},"end":{"line":31,"column":1}},"11":{"start":{"line":23,"column":19},"end":{"line":29,"column":3}},"12":{"start":{"line":30,"column":2},"end":{"line":30,"column":23}},"13":{"start":{"line":33,"column":15},"end":{"line":38,"column":1}},"14":{"start":{"line":34,"column":19},"end":{"line":36,"column":4}},"15":{"start":{"line":37,"column":2},"end":{"line":37,"column":23}},"16":{"start":{"line":40,"column":15},"end":{"line":45,"column":1}},"17":{"start":{"line":41,"column":19},"end":{"line":43,"column":4}},"18":{"start":{"line":44,"column":2},"end":{"line":44,"column":23}}},"fnMap":{"0":{"name":"(anonymous_0)","decl":{"start":{"line":6,"column":17},"end":{"line":6,"column":18}},"loc":{"start":{"line":6,"column":29},"end":{"line":8,"column":1}},"line":6},"1":{"name":"(anonymous_1)","decl":{"start":{"line":10,"column":15},"end":{"line":10,"column":16}},"loc":{"start":{"line":10,"column":27},"end":{"line":13,"column":1}},"line":10},"2":{"name":"(anonymous_2)","decl":{"start":{"line":15,"column":15},"end":{"line":15,"column":16}},"loc":{"start":{"line":15,"column":36},"end":{"line":20,"column":1}},"line":15},"3":{"name":"(anonymous_3)","decl":{"start":{"line":22,"column":13},"end":{"line":22,"column":14}},"loc":{"start":{"line":22,"column":29},"end":{"line":31,"column":1}},"line":22},"4":{"name":"(anonymous_4)","decl":{"start":{"line":33,"column":15},"end":{"line":33,"column":16}},"loc":{"start":{"line":33,"column":31},"end":{"line":38,"column":1}},"line":33},"5":{"name":"(anonymous_5)","decl":{"start":{"line":40,"column":15},"end":{"line":40,"column":16}},"loc":{"start":{"line":40,"column":31},"end":{"line":45,"column":1}},"line":40}},"branchMap":{},"s":{"0":0,"1":0,"2":0,"3":0,"4":0,"5":0,"6":0,"7":0,"8":0,"9":0,"10":0,"11":0,"12":0,"13":0,"14":0,"15":0,"16":0,"17":0,"18":0},"f":{"0":0,"1":0,"2":0,"3":0,"4":0,"5":0},"b":{},"hash":"12efea88f1466c9ee47be42fec1d322f86a4af60"}
,"C:\\Users\\zolta\\OneDrive\\Desktop\\Full_Stack_Open_2020\\PART_5\\bloglist-frontend\\src\\services\\login.js": {"path":"C:\\Users\\zolta\\OneDrive\\Desktop\\Full_Stack_Open_2020\\PART_5\\bloglist-frontend\\src\\services\\login.js","statementMap":{"0":{"start":{"line":2,"column":16},"end":{"line":2,"column":28}},"1":{"start":{"line":4,"column":14},"end":{"line":7,"column":1}},"2":{"start":{"line":5,"column":19},"end":{"line":5,"column":57}},"3":{"start":{"line":6,"column":2},"end":{"line":6,"column":23}}},"fnMap":{"0":{"name":"(anonymous_0)","decl":{"start":{"line":4,"column":14},"end":{"line":4,"column":15}},"loc":{"start":{"line":4,"column":35},"end":{"line":7,"column":1}},"line":4}},"branchMap":{},"s":{"0":0,"1":0,"2":0,"3":0},"f":{"0":0},"b":{},"hash":"fbfccdcfab15cd62620ac5f15674ebc6d6e14493"}
}
